#=================================================#
# Title: All Servo Parameter Report File
# Firmware Version/Date: [20000100, 20000100, 0, 0, 0, 0, 0]/[20210321, 20210321, 0, 0, 0, 0, 0]
# Date Time: 2021-04-21 10:50:46 AM
#=================================================#


# SDO Parameter Block
sdo1000=[131474, 131474, 0, 0, 0, 0, 0]
sdo6502=[129, 129, 0, 0, 0, 0, 0]
sdo1018=[4, 4, 0, 0, 0, 0, 0]
vendor=[0, 0, 0, 0, 0, 0, 0]
product=[0, 0, 0, 0, 0, 0, 0]
version=[0, 0, 0, 0, 0, 0, 0]
series=[0, 0, 0, 0, 0, 0, 0]


# DAS Parameter Block
dasN=[0, 0, 0, 0, 0, 0, 0]
dasCMD=[0, 0, 0, 0, 0, 0, 0]
dasMS=[0, 0, 0, 0, 0, 0, 0]
dasDT=[0, 0, 0, 0, 0, 0, 0]
dasMAX=[0, 0, 0, 0, 0, 0, 0]
dasSIZ=[8192, 8192, 0, 0, 0, 0, 0]
dasCH=[0, 0, 0, 0, 0, 0, 0]
dasV1=[0, 0, 0, 0, 0, 0, 0]
dasV2=[0, 0, 0, 0, 0, 0, 0]
dasV3=[0, 0, 0, 0, 0, 0, 0]
dasV4=[0, 0, 0, 0, 0, 0, 0]
dasV5=[0, 0, 0, 0, 0, 0, 0]
dasV6=[0, 0, 0, 0, 0, 0, 0]
dasV7=[0, 0, 0, 0, 0, 0, 0]
dasV8=[0, 0, 0, 0, 0, 0, 0]
dasV9=[0, 0, 0, 0, 0, 0, 0]


# PDO Parameter Block
pdoCMD=[0, 0, 0, 0, 0, 0, 0]
pdoSTS=[545, 545, 0, 0, 0, 0, 0]
pdoPOS=[2490, 1467, 0, 0, 0, 0, 0]
pdoVEL=[0, 0, 0, 0, 0, 0, 0]
pdoTRQ=[0, 0, 0, 0, 0, 0, 0]
pdoMXC=[1000, 1000, 0, 0, 0, 0, 0]
pdoANG=[0, 0, 0, 0, 0, 0, 0]
pdoSPD=[0, 0, 0, 0, 0, 0, 0]
pdoAMP=[0, 0, 0, 0, 0, 0, 0]
pdoOUT=[0, 0, 0, 0, 0, 0, 0]


# Command Parameter Block
cmdCMD=[0, 0, 0, 0, 0, 0, 0]
cmdPOS=[0, 0, 0, 0, 0, 0, 0]
cmdVEL=[0, 0, 0, 0, 0, 0, 0]
cmdACC=[0, 0, 0, 0, 0, 0, 0]
cmdTRQ=[0, 0, 0, 0, 0, 0, 0]
cmdMXC=[1000, 1000, 0, 0, 0, 0, 0]
cmdSIM=[1, 1, 0, 0, 0, 0, 0]
cmdON=[0, 0, 0, 0, 0, 0, 0]


# Segment Parameter Block
segCMD=[0, 0, 0, 0, 0, 0, 0]
segPOS=[0, 0, 0, 0, 0, 0, 0]
segVEL=[0, 0, 0, 0, 0, 0, 0]
segMAX=[0, 0, 0, 0, 0, 0, 0]
segACC=[0, 0, 0, 0, 0, 0, 0]
segDEC=[0, 0, 0, 0, 0, 0, 0]
segSTS=[9, 9, 0, 0, 0, 0, 0]
segALM=[0, 0, 0, 0, 0, 0, 0]
segERR=[0, 0, 0, 0, 0, 0, 0]
segMXC=[0, 0, 0, 0, 0, 0, 0]
segMS=[0, 0, 0, 0, 0, 0, 0]


# Single Axis Extended Force Parameter Block
extTRQ=[0, 0, 0, 0, 0, 0, 0]
extOUT=[0, 0, 0, 0, 0, 0, 0]
extTG=[0, 0, 0, 0, 0, 0, 0]
extTI=[0, 0, 0, 0, 0, 0, 0]
extTF=[0, 0, 0, 0, 0, 0, 0]
extMXC=[0, 0, 0, 0, 0, 0, 0]
extMXG=[0, 0, 0, 0, 0, 0, 0]
extMXM=[0, 0, 0, 0, 0, 0, 0]
extMAX=[0, 0, 0, 0, 0, 0, 0]
extPPR=[0, 0, 0, 0, 0, 0, 0]
extKG=[0, 0, 0, 0, 0, 0, 0]
extKA=[0, 0, 0, 0, 0, 0, 0]
extKV=[0, 0, 0, 0, 0, 0, 0]
extKV0=[0, 0, 0, 0, 0, 0, 0]
extKS=[0, 0, 0, 0, 0, 0, 0]
extKS0=[0, 0, 0, 0, 0, 0, 0]
extDT=[0, 0, 0, 0, 0, 0, 0]
extMS=[0, 0, 0, 0, 0, 0, 0]


# Position Control Loop Parameter Block
posCMD=[0, 0, 0, 0, 0, 0, 0]
posERR=[0, 0, 0, 0, 0, 0, 0]
posSUM=[0, 0, 0, 0, 0, 0, 0]
posOUT=[0, 0, 0, 0, 0, 0, 0]
posMXE=[500, 500, 0, 0, 0, 0, 0]
posMXI=[0, 0, 0, 0, 0, 0, 0]
posMXO=[1000, 1000, 0, 0, 0, 0, 0]
posKP=[300, 300, 0, 0, 0, 0, 0]
posKI=[0, 0, 0, 0, 0, 0, 0]
posDIV=[256, 256, 0, 0, 0, 0, 0]


# Speed Control Loop Parameter Block
spdCMD=[0, 0, 0, 0, 0, 0, 0]
spdERR=[0, 0, 0, 0, 0, 0, 0]
spdSUM=[0, 0, 0, 0, 0, 0, 0]
spdOUT=[0, 0, 0, 0, 0, 0, 0]
spdMXE=[500, 500, 0, 0, 0, 0, 0]
spdMXI=[10000, 20000, 0, 0, 0, 0, 0]
spdMXO=[1000, 1000, 0, 0, 0, 0, 0]
spdKP=[400, 400, 0, 0, 0, 0, 0]
spdKI=[3000, 500, 0, 0, 0, 0, 0]
spdFLT=[4, 10, 0, 0, 0, 0, 0]


# Current Control Loop Parameter Block
ampCMD=[0, 0, 0, 0, 0, 0, 0]
ampSD=[16588, -156, 0, 0, 0, 0, 0]
ampSQ=[-679, -1040, 0, 0, 0, 0, 0]
ampLMT=[2000, 2000, 0, 0, 0, 0, 0]
ampMXE=[300, 300, 0, 0, 0, 0, 0]
ampMXI=[5000, 5000, 0, 0, 0, 0, 0]
ampMXO=[1000, 1000, 0, 0, 0, 0, 0]
ampKP=[40, 60, 0, 0, 0, 0, 0]
ampKI=[200, 200, 0, 0, 0, 0, 0]
ampFLT=[80, 100, 0, 0, 0, 0, 0]


# EtherCAT Parameter Block
esmEVT=[3856, 3856, 0, 0, 0, 0, 0]
esmREQ=[8, 8, 0, 0, 0, 0, 0]
esmSTS=[8, 8, 0, 0, 0, 0, 0]
esmERR=[0, 0, 0, 0, 0, 0, 0]
esmSDO=[24672, 24672, 0, 0, 0, 0, 0]
esmFOE=[0, 0, 0, 0, 0, 0, 0]
esmCOE=[255, 255, 0, 0, 0, 0, 0]
esmRXP=[426182, 423185, 0, 0, 0, 0, 0]
esmTXP=[441961, 441954, 0, 0, 0, 0, 0]
esmDOG=[0, 0, 0, 0, 0, 0, 0]
rxSDO0=[4096, 4096, 0, 0, 0, 0, 0]
rxSDON=[128, 128, 0, 0, 0, 0, 0]
txSDO0=[4224, 4224, 0, 0, 0, 0, 0]
txSDON=[128, 128, 0, 0, 0, 0, 0]
rxPDO0=[4352, 4352, 0, 0, 0, 0, 0]
rxPDON=[14, 14, 0, 0, 0, 0, 0]
txPDO0=[5120, 5120, 0, 0, 0, 0, 0]
txPDON=[14, 14, 0, 0, 0, 0, 0]


# Hardware I/O Parameter Block
iopANG=[-5673978, -6872285, 0, 0, 0, 0, 0]
iopSPD=[0, 0, 0, 0, 0, 0, 0]
iopID=[0, 0, 0, 0, 0, 0, 0]
iopIQ=[0, 0, 0, 0, 0, 0, 0]
iopVD=[0, 0, 0, 0, 0, 0, 0]
iopVQ=[0, 0, 0, 0, 0, 0, 0]
iopPWR=[1, 1, 0, 0, 0, 0, 0]
iopTMP=[24, 24, 0, 0, 0, 0, 0]
iopI2T=[0, 0, 0, 0, 0, 0, 0]
iopALM=[1, 1, 0, 0, 0, 0, 0]
iopREL=[-1, -1, 0, 0, 0, 0, 0]
iopIDX=[115048, 110340, 0, 0, 0, 0, 0]
iopABS=[0, 0, 0, 0, 0, 0, 0]
iopMOD=[0, 0, 0, 0, 0, 0, 0]
iopPWM=[0, 0, 0, 0, 0, 0, 0]
iopRST=[0, 0, 0, 0, 0, 0, 0]


# SVPWM Parameter Block
pwmU=[0, 0, 0, 0, 0, 0, 0]
pwmV=[0, 0, 0, 0, 0, 0, 0]
pwmW=[0, 0, 0, 0, 0, 0, 0]
pwmDEG=[255, 314, 0, 0, 0, 0, 0]
pwmCMD=[0, 0, 0, 0, 0, 0, 0]
pwmMS=[5, 5, 0, 0, 0, 0, 0]
pwmANG=[360, 360, 0, 0, 0, 0, 0]
pwmENB=[0, 0, 0, 0, 0, 0, 0]
pwmBRK=[0, 0, 0, 0, 0, 0, 0]
pwmMAX=[1200, 1200, 0, 0, 0, 0, 0]
pwmINV=[0, 1, 0, 0, 0, 0, 0]
pwmRST=[0, 0, 0, 0, 0, 0, 0]
pwmFLT=[4, 4, 0, 0, 0, 0, 0]


# Vector Control Parameter Block
uvwDEG=[255, 314, 0, 0, 0, 0, 0]
uvwSIN=[-247, -184, 0, 0, 0, 0, 0]
uvwCOS=[-66, 178, 0, 0, 0, 0, 0]
uvwRDY=[9, 9, 0, 0, 0, 0, 0]
uvwKI=[0, 0, 0, 0, 0, 0, 0]
uvwKO=[0, 0, 0, 0, 0, 0, 0]
uvwDEG0=[309, 313, 0, 0, 0, 0, 0]


# ADC Parameter Block
adcU=[2054, 2044, 0, 0, 0, 0, 0]
adcV=[2042, 2056, 0, 0, 0, 0, 0]
adcW=[2047, 2049, 0, 0, 0, 0, 0]
adcP=[43, 40, 0, 0, 0, 0, 0]
adcT=[919, 925, 0, 0, 0, 0, 0]
adcK0=[0, 0, 0, 0, 0, 0, 0]
adcK=[610, 610, 0, 0, 0, 0, 0]
adcSTD=[10, 10, 0, 0, 0, 0, 0]
adcIU=[4, 5, 0, 0, 0, 0, 0]
adcIV=[1, 1, 0, 0, 0, 0, 0]
adcIW=[-10, -1, 0, 0, 0, 0, 0]
adcSUM=[2053, 2054, 0, 0, 0, 0, 0]
adcDLY=[1, 1, 0, 0, 0, 0, 0]
adcFLT=[0, 0, 0, 0, 0, 0, 0]


# Angle Parameter Block
angABS0=[70518, 46010, 0, 0, 0, 0, 0]
angIDX0=[70009, 46329, 0, 0, 0, 0, 0]
angREL0=[0, 0, 0, 0, 0, 0, 0]
angABS=[131072, 131072, 0, 0, 0, 0, 0]
angREL=[121600, 121600, 0, 0, 0, 0, 0]
angPOLE=[8, 8, 0, 0, 0, 0, 0]
angGEAR=[101, 161, 0, 0, 0, 0, 0]
angINV=[3, 0, 0, 0, 0, 0, 0]
angKN=[475, 475, 0, 0, 0, 0, 0]
angKD=[512, 512, 0, 0, 0, 0, 0]


# Incremental Encoder Parameter Block
abzENB=[1, 1, 0, 0, 0, 0, 0]
abzFLT=[2, 2, 0, 0, 0, 0, 0]
abzINV=[0, 0, 0, 0, 0, 0, 0]
abzOUT=[0, 0, 0, 0, 0, 0, 0]
abzPRD=[0, 0, 0, 0, 0, 0, 0]


# Hall Sensor Parameter Block
halENB=[0, 0, 0, 0, 0, 0, 0]
halINP=[0, 0, 0, 0, 0, 0, 0]
halSEQ=[0, 0, 0, 0, 0, 0, 0]
halANG=[0, 0, 0, 0, 0, 0, 0]
halSPD=[0, 0, 0, 0, 0, 0, 0]
halPRD=[1000000, 1000000, 0, 0, 0, 0, 0]
halP=[0, 0, 0, 0, 0, 0, 0]
halN=[0, 0, 0, 0, 0, 0, 0]
halCAP=[0, 0, 0, 0, 0, 0, 0]
halRST=[0, 0, 0, 0, 0, 0, 0]


# BiSS-C abolute encoder Parameter Block
bisENB=[1, 1, 0, 0, 0, 0, 0]
bisBITS=[17, 17, 0, 0, 0, 0, 0]
bisMASK=[524287, 524287, 0, 0, 0, 0, 0]
bisMULT=[0, 0, 0, 0, 0, 0, 0]
bisBUF0=[0, 0, 0, 0, 0, 0, 0]
bisBUF=[-1, -1, 0, 0, 0, 0, 0]
bisACK=[0, 0, 0, 0, 0, 0, 0]
bisCRC=[0, 0, 0, 0, 0, 0, 0]
bisERR=[31289722, 31289982, 0, 0, 0, 0, 0]


# Debug Parameter Block
coeERR=[0, 0, 0, 0, 0, 0, 0]
pdiLOK=[0, 0, 0, 0, 0, 0, 0]
pdiERR=[0, 0, 0, 0, 0, 0, 0]
ldpERR=[0, 0, 0, 0, 0, 0, 0]
foeERR=[1, 0, 0, 0, 0, 0, 0]


# System Parameter Block
sysCLK=[1564671, 1564684, 0, 0, 0, 0, 0]
sys20K=[31294082, 31294342, 0, 0, 0, 0, 0]
sysLOP=[618911357, 627406591, 0, 0, 0, 0, 0]
sysKHZ=[1564766, 1564779, 0, 0, 0, 0, 0]
sysON=[0, 0, 0, 0, 0, 0, 0]
sysOFF=[0, 0, 0, 0, 0, 0, 0]


# LED Parameter Block
ledR=[49159, 49159, 0, 0, 0, 0, 0]
ledO=[28700, 28700, 0, 0, 0, 0, 0]
ledY=[7280, 7280, 0, 0, 0, 0, 0]
ledG=[1984, 1984, 0, 0, 0, 0, 0]
ledMS=[100, 100, 0, 0, 0, 0, 0]
ledBITS=[16, 16, 0, 0, 0, 0, 0]


# System Extendtion Parameter Block
sysVERS=[20000100, 20000100, 0, 0, 0, 0, 0]
sysDATE=[20210321, 20210321, 0, 0, 0, 0, 0]
romVERS=[21000100, 22000100, 0, 0, 0, 0, 0]
romDATE=[20210317, 20210317, 0, 0, 0, 0, 0]
